# JRE version: OpenJDK Runtime Environment (8.0_252-b09) (build 1.8.0_252-b09)
# Java VM: OpenJDK 64-Bit Server VM (25.252-b09 mixed mode linux-amd64 compressed oops)
Heap:
 par new generation   total 76672K, used 33108K [0x00000000c0000000, 0x00000000c5330000, 0x00000000c5330000)
  eden space 68160K,  39% used [0x00000000c0000000, 0x00000000c1a9ea98, 0x00000000c4290000)
  from space 8512K,  68% used [0x00000000c4290000, 0x00000000c48467c0, 0x00000000c4ae0000)
  to   space 8512K,   0% used [0x00000000c4ae0000, 0x00000000c4ae0000, 0x00000000c5330000)
 concurrent mark-sweep generation total 963392K, used 76660K [0x00000000c5330000, 0x0000000100000000, 0x0000000100000000)
 Metaspace       used 58002K, capacity 66054K, committed 66164K, reserved 1103872K
  class space    used 9797K, capacity 11891K, committed 11892K, reserved 1048576K
GC Heap History (44 events):
Event: 5.417 GC heap before
{Heap before GC invocations=0 (full 0):
 par new generation   total 76672K, used 68160K [0x00000000c0000000, 0x00000000c5330000, 0x00000000c5330000)
  eden space 68160K, 100% used [0x00000000c0000000, 0x00000000c4290000, 0x00000000c4290000)
  from space 8512K,   0% used [0x00000000c4290000, 0x00000000c4290000, 0x00000000c4ae0000)
  to   space 8512K,   0% used [0x00000000c4ae0000, 0x00000000c4ae0000, 0x00000000c5330000)
 concurrent mark-sweep generation total 963392K, used 0K [0x00000000c5330000, 0x0000000100000000, 0x0000000100000000)
 Metaspace       used 19256K, capacity 19430K, committed 19840K, reserved 1067008K
  class space    used 2806K, capacity 2876K, committed 2944K, reserved 1048576K
Event: 5.471 GC heap after
Heap after GC invocations=1 (full 0):
 par new generation   total 76672K, used 8512K [0x00000000c0000000, 0x00000000c5330000, 0x00000000c5330000)
  eden space 68160K,   0% used [0x00000000c0000000, 0x00000000c0000000, 0x00000000c4290000)
  from space 8512K, 100% used [0x00000000c4ae0000, 0x00000000c5330000, 0x00000000c5330000)
  to   space 8512K,   0% used [0x00000000c4290000, 0x00000000c4290000, 0x00000000c4ae0000)
 concurrent mark-sweep generation total 963392K, used 3312K [0x00000000c5330000, 0x0000000100000000, 0x0000000100000000)
 Metaspace       used 19256K, capacity 19430K, committed 19840K, reserved 1067008K
  class space    used 2806K, capacity 2876K, committed 2944K, reserved 1048576K
}
Event: 10.104 GC heap before
{Heap before GC invocations=1 (full 1):
 par new generation   total 76672K, used 76672K [0x00000000c0000000, 0x00000000c5330000, 0x00000000c5330000)
  eden space 68160K, 100% used [0x00000000c0000000, 0x00000000c4290000, 0x00000000c4290000)
  from space 8512K, 100% used [0x00000000c4ae0000, 0x00000000c5330000, 0x00000000c5330000)
  to   space 8512K,   0% used [0x00000000c4290000, 0x00000000c4290000, 0x00000000c4ae0000)
 concurrent mark-sweep generation total 963392K, used 3312K [0x00000000c5330000, 0x0000000100000000, 0x0000000100000000)
 Metaspace       used 31549K, capacity 32158K, committed 32508K, reserved 1077248K
  class space    used 5371K, capacity 5501K, committed 5596K, reserved 1048576K
Event: 10.265 GC heap after
Heap after GC invocations=2 (full 1):
 par new generation   total 76672K, used 8512K [0x00000000c0000000, 0x00000000c5330000, 0x00000000c5330000)
  eden space 68160K,   0% used [0x00000000c0000000, 0x00000000c0000000, 0x00000000c4290000)
  from space 8512K, 100% used [0x00000000c4290000, 0x00000000c4ae0000, 0x00000000c4ae0000)
  to   space 8512K,   0% used [0x00000000c4ae0000, 0x00000000c4ae0000, 0x00000000c5330000)
 concurrent mark-sweep generation total 963392K, used 11010K [0x00000000c5330000, 0x0000000100000000, 0x0000000100000000)
 Metaspace       used 31549K, capacity 32158K, committed 32508K, reserved 1077248K
  class space    used 5371K, capacity 5501K, committed 5596K, reserved 1048576K
}
Event: 16.711 GC heap before
{Heap before GC invocations=2 (full 1):
 par new generation   total 76672K, used 76672K [0x00000000c0000000, 0x00000000c5330000, 0x00000000c5330000)
  eden space 68160K, 100% used [0x00000000c0000000, 0x00000000c4290000, 0x00000000c4290000)
  from space 8512K, 100% used [0x00000000c4290000, 0x00000000c4ae0000, 0x00000000c4ae0000)
  to   space 8512K,   0% used [0x00000000c4ae0000, 0x00000000c4ae0000, 0x00000000c5330000)
 concurrent mark-sweep generation total 963392K, used 11010K [0x00000000c5330000, 0x0000000100000000, 0x0000000100000000)
 Metaspace       used 34541K, capacity 35340K, committed 35648K, reserved 1079296K
  class space    used 5729K, capacity 5898K, committed 5952K, reserved 1048576K
Event: 16.847 GC heap after
Heap after GC invocations=3 (full 1):
 par new generation   total 76672K, used 8512K [0x00000000c0000000, 0x00000000c5330000, 0x00000000c5330000)
  eden space 68160K,   0% used [0x00000000c0000000, 0x00000000c0000000, 0x00000000c4290000)
  from space 8512K, 100% used [0x00000000c4ae0000, 0x00000000c5330000, 0x00000000c5330000)
  to   space 8512K,   0% used [0x00000000c4290000, 0x00000000c4290000, 0x00000000c4ae0000)
 concurrent mark-sweep generation total 963392K, used 15480K [0x00000000c5330000, 0x0000000100000000, 0x0000000100000000)
 Metaspace       used 34541K, capacity 35340K, committed 35648K, reserved 1079296K
  class space    used 5729K, capacity 5898K, committed 5952K, reserved 1048576K
}
Event: 20.539 GC heap before
{Heap before GC invocations=3 (full 1):
 par new generation   total 76672K, used 76672K [0x00000000c0000000, 0x00000000c5330000, 0x00000000c5330000)
  eden space 68160K, 100% used [0x00000000c0000000, 0x00000000c4290000, 0x00000000c4290000)
  from space 8512K, 100% used [0x00000000c4ae0000, 0x00000000c5330000, 0x00000000c5330000)
  to   space 8512K,   0% used [0x00000000c4290000, 0x00000000c4290000, 0x00000000c4ae0000)
 concurrent mark-sweep generation total 963392K, used 15480K [0x00000000c5330000, 0x0000000100000000, 0x0000000100000000)
 Metaspace       used 38624K, capacity 40070K, committed 40384K, reserved 1083392K
  class space    used 6643K, capacity 7037K, committed 7104K, reserved 1048576K
Event: 20.655 GC heap after
Heap after GC invocations=4 (full 1):
 par new generation   total 76672K, used 7619K [0x00000000c0000000, 0x00000000c5330000, 0x00000000c5330000)
  eden space 68160K,   0% used [0x00000000c0000000, 0x00000000c0000000, 0x00000000c4290000)
  from space 8512K,  89% used [0x00000000c4290000, 0x00000000c4a00e60, 0x00000000c4ae0000)
  to   space 8512K,   0% used [0x00000000c4ae0000, 0x00000000c4ae0000, 0x00000000c5330000)
 concurrent mark-sweep generation total 963392K, used 22981K [0x00000000c5330000, 0x0000000100000000, 0x0000000100000000)
 Metaspace       used 38624K, capacity 40070K, committed 40384K, reserved 1083392K
  class space    used 6643K, capacity 7037K, committed 7104K, reserved 1048576K
}
Event: 23.938 GC heap before
{Heap before GC invocations=4 (full 1):
 par new generation   total 76672K, used 75779K [0x00000000c0000000, 0x00000000c5330000, 0x00000000c5330000)
  eden space 68160K, 100% used [0x00000000c0000000, 0x00000000c4290000, 0x00000000c4290000)
  from space 8512K,  89% used [0x00000000c4290000, 0x00000000c4a00e60, 0x00000000c4ae0000)
  to   space 8512K,   0% used [0x00000000c4ae0000, 0x00000000c4ae0000, 0x00000000c5330000)
 concurrent mark-sweep generation total 963392K, used 22981K [0x00000000c5330000, 0x0000000100000000, 0x0000000100000000)
 Metaspace       used 40262K, capacity 42320K, committed 42560K, reserved 1085440K
  class space    used 6853K, capacity 7474K, committed 7488K, reserved 1048576K
Event: 23.998 GC heap after
Heap after GC invocations=5 (full 1):
 par new generation   total 76672K, used 5895K [0x00000000c0000000, 0x00000000c5330000, 0x00000000c5330000)
  eden space 68160K,   0% used [0x00000000c0000000, 0x00000000c0000000, 0x00000000c4290000)
  from space 8512K,  69% used [0x00000000c4ae0000, 0x00000000c50a1f98, 0x00000000c5330000)
  to   space 8512K,   0% used [0x00000000c4290000, 0x00000000c4290000, 0x00000000c4ae0000)
 concurrent mark-sweep generation total 963392K, used 26250K [0x00000000c5330000, 0x0000000100000000, 0x0000000100000000)
 Metaspace       used 40262K, capacity 42320K, committed 42560K, reserved 1085440K
  class space    used 6853K, capacity 7474K, committed 7488K, reserved 1048576K
}
Event: 27.081 GC heap before
{Heap before GC invocations=5 (full 1):
 par new generation   total 76672K, used 74055K [0x00000000c0000000, 0x00000000c5330000, 0x00000000c5330000)
  eden space 68160K, 100% used [0x00000000c0000000, 0x00000000c4290000, 0x00000000c4290000)
  from space 8512K,  69% used [0x00000000c4ae0000, 0x00000000c50a1f98, 0x00000000c5330000)
  to   space 8512K,   0% used [0x00000000c4290000, 0x00000000c4290000, 0x00000000c4ae0000)
 concurrent mark-sweep generation total 963392K, used 26250K [0x00000000c5330000, 0x0000000100000000, 0x0000000100000000)
 Metaspace       used 41492K, capacity 44148K, committed 44224K, reserved 1085440K
  class space    used 7026K, capacity 7839K, committed 7872K, reserved 1048576K
Event: 27.279 GC heap after
Heap after GC invocations=6 (full 1):
 par new generation   total 76672K, used 8512K [0x00000000c0000000, 0x00000000c5330000, 0x00000000c5330000)
  eden space 68160K,   0% used [0x00000000c0000000, 0x00000000c0000000, 0x00000000c4290000)
  from space 8512K, 100% used [0x00000000c4290000, 0x00000000c4ae0000, 0x00000000c4ae0000)
  to   space 8512K,   0% used [0x00000000c4ae0000, 0x00000000c4ae0000, 0x00000000c5330000)
 concurrent mark-sweep generation total 963392K, used 30456K [0x00000000c5330000, 0x0000000100000000, 0x0000000100000000)
 Metaspace       used 41492K, capacity 44148K, committed 44224K, reserved 1085440K
  class space    used 7026K, capacity 7839K, committed 7872K, reserved 1048576K
}
Event: 31.410 GC heap before
{Heap before GC invocations=6 (full 1):
 par new generation   total 76672K, used 76672K [0x00000000c0000000, 0x00000000c5330000, 0x00000000c5330000)
  eden space 68160K, 100% used [0x00000000c0000000, 0x00000000c4290000, 0x00000000c4290000)
  from space 8512K, 100% used [0x00000000c4290000, 0x00000000c4ae0000, 0x00000000c4ae0000)
  to   space 8512K,   0% used [0x00000000c4ae0000, 0x00000000c4ae0000, 0x00000000c5330000)
 concurrent mark-sweep generation total 963392K, used 30456K [0x00000000c5330000, 0x0000000100000000, 0x0000000100000000)
 Metaspace       used 42749K, capacity 46352K, committed 46656K, reserved 1087488K
  class space    used 7170K, capacity 8196K, committed 8256K, reserved 1048576K
Event: 31.561 GC heap after
Heap after GC invocations=7 (full 1):
 par new generation   total 76672K, used 5187K [0x00000000c0000000, 0x00000000c5330000, 0x00000000c5330000)
  eden space 68160K,   0% used [0x00000000c0000000, 0x00000000c0000000, 0x00000000c4290000)
  from space 8512K,  60% used [0x00000000c4ae0000, 0x00000000c4ff0ee8, 0x00000000c5330000)
  to   space 8512K,   0% used [0x00000000c4290000, 0x00000000c4290000, 0x00000000c4ae0000)
 concurrent mark-sweep generation total 963392K, used 35424K [0x00000000c5330000, 0x0000000100000000, 0x0000000100000000)
 Metaspace       used 42749K, capacity 46352K, committed 46656K, reserved 1087488K
  class space    used 7170K, capacity 8196K, committed 8256K, reserved 1048576K
}
Event: 34.590 GC heap before
{Heap before GC invocations=7 (full 1):
 par new generation   total 76672K, used 73347K [0x00000000c0000000, 0x00000000c5330000, 0x00000000c5330000)
  eden space 68160K, 100% used [0x00000000c0000000, 0x00000000c4290000, 0x00000000c4290000)
  from space 8512K,  60% used [0x00000000c4ae0000, 0x00000000c4ff0ee8, 0x00000000c5330000)
  to   space 8512K,   0% used [0x00000000c4290000, 0x00000000c4290000, 0x00000000c4ae0000)
 concurrent mark-sweep generation total 963392K, used 35424K [0x00000000c5330000, 0x0000000100000000, 0x0000000100000000)
 Metaspace       used 43821K, capacity 47946K, committed 48192K, reserved 1089536K
  class space    used 7273K, capacity 8508K, committed 8512K, reserved 1048576K
Event: 34.702 GC heap after
Heap after GC invocations=8 (full 1):
 par new generation   total 76672K, used 8511K [0x00000000c0000000, 0x00000000c5330000, 0x00000000c5330000)
  eden space 68160K,   0% used [0x00000000c0000000, 0x00000000c0000000, 0x00000000c4290000)
  from space 8512K,  99% used [0x00000000c4290000, 0x00000000c4adfff8, 0x00000000c4ae0000)
  to   space 8512K,   0% used [0x00000000c4ae0000, 0x00000000c4ae0000, 0x00000000c5330000)
 concurrent mark-sweep generation total 963392K, used 35552K [0x00000000c5330000, 0x0000000100000000, 0x0000000100000000)
 Metaspace       used 43821K, capacity 47946K, committed 48192K, reserved 1089536K
  class space    used 7273K, capacity 8508K, committed 8512K, reserved 1048576K
}
Event: 38.420 GC heap before
{Heap before GC invocations=8 (full 1):
 par new generation   total 76672K, used 76671K [0x00000000c0000000, 0x00000000c5330000, 0x00000000c5330000)
  eden space 68160K, 100% used [0x00000000c0000000, 0x00000000c4290000, 0x00000000c4290000)
  from space 8512K,  99% used [0x00000000c4290000, 0x00000000c4adfff8, 0x00000000c4ae0000)
  to   space 8512K,   0% used [0x00000000c4ae0000, 0x00000000c4ae0000, 0x00000000c5330000)
 concurrent mark-sweep generation total 963392K, used 35552K [0x00000000c5330000, 0x0000000100000000, 0x0000000100000000)
 Metaspace       used 45050K, capacity 49738K, committed 49856K, reserved 1089536K
  class space    used 7462K, capacity 8826K, committed 8896K, reserved 1048576K
Event: 38.503 GC heap after
Heap after GC invocations=9 (full 1):
 par new generation   total 76672K, used 6908K [0x00000000c0000000, 0x00000000c5330000, 0x00000000c5330000)
  eden space 68160K,   0% used [0x00000000c0000000, 0x00000000c0000000, 0x00000000c4290000)
  from space 8512K,  81% used [0x00000000c4ae0000, 0x00000000c519f0e0, 0x00000000c5330000)
  to   space 8512K,   0% used [0x00000000c4290000, 0x00000000c4290000, 0x00000000c4ae0000)
 concurrent mark-sweep generation total 963392K, used 39383K [0x00000000c5330000, 0x0000000100000000, 0x0000000100000000)
 Metaspace       used 45050K, capacity 49738K, committed 49856K, reserved 1089536K
  class space    used 7462K, capacity 8826K, committed 8896K, reserved 1048576K
}
Event: 40.685 GC heap before
{Heap before GC invocations=9 (full 1):
 par new generation   total 76672K, used 75068K [0x00000000c0000000, 0x00000000c5330000, 0x00000000c5330000)
  eden space 68160K, 100% used [0x00000000c0000000, 0x00000000c4290000, 0x00000000c4290000)
  from space 8512K,  81% used [0x00000000c4ae0000, 0x00000000c519f0e0, 0x00000000c5330000)
  to   space 8512K,   0% used [0x00000000c4290000, 0x00000000c4290000, 0x00000000c4ae0000)
 concurrent mark-sweep generation total 963392K, used 39383K [0x00000000c5330000, 0x0000000100000000, 0x0000000100000000)
 Metaspace       used 45536K, capacity 50574K, committed 50752K, reserved 1091584K
  class space    used 7506K, capacity 8952K, committed 9024K, reserved 1048576K
Event: 40.802 GC heap after
Heap after GC invocations=10 (full 1):
 par new generation   total 76672K, used 7013K [0x00000000c0000000, 0x00000000c5330000, 0x00000000c5330000)
  eden space 68160K,   0% used [0x00000000c0000000, 0x00000000c0000000, 0x00000000c4290000)
  from space 8512K,  82% used [0x00000000c4290000, 0x00000000c4969540, 0x00000000c4ae0000)
  to   space 8512K,   0% used [0x00000000c4ae0000, 0x00000000c4ae0000, 0x00000000c5330000)
 concurrent mark-sweep generation total 963392K, used 42099K [0x00000000c5330000, 0x0000000100000000, 0x0000000100000000)
 Metaspace       used 45536K, capacity 50574K, committed 50752K, reserved 1091584K
  class space    used 7506K, capacity 8952K, committed 9024K, reserved 1048576K
}
Event: 42.505 GC heap before
{Heap before GC invocations=10 (full 1):
 par new generation   total 76672K, used 75173K [0x00000000c0000000, 0x00000000c5330000, 0x00000000c5330000)
  eden space 68160K, 100% used [0x00000000c0000000, 0x00000000c4290000, 0x00000000c4290000)
  from space 8512K,  82% used [0x00000000c4290000, 0x00000000c4969540, 0x00000000c4ae0000)
  to   space 8512K,   0% used [0x00000000c4ae0000, 0x00000000c4ae0000, 0x00000000c5330000)
 concurrent mark-sweep generation total 963392K, used 42099K [0x00000000c5330000, 0x0000000100000000, 0x0000000100000000)
 Metaspace       used 46047K, capacity 51470K, committed 51648K, reserved 1091584K
  class space    used 7544K, capacity 9085K, committed 9152K, reserved 1048576K
Event: 42.625 GC heap after
Heap after GC invocations=11 (full 1):
 par new generation   total 76672K, used 6705K [0x00000000c0000000, 0x00000000c5330000, 0x00000000c5330000)
  eden space 68160K,   0% used [0x00000000c0000000, 0x00000000c0000000, 0x00000000c4290000)
  from space 8512K,  78% used [0x00000000c4ae0000, 0x00000000c516c7c8, 0x00000000c5330000)
  to   space 8512K,   0% used [0x00000000c4290000, 0x00000000c4290000, 0x00000000c4ae0000)
 concurrent mark-sweep generation total 963392K, used 45060K [0x00000000c5330000, 0x0000000100000000, 0x0000000100000000)
 Metaspace       used 46047K, capacity 51470K, committed 51648K, reserved 1091584K
  class space    used 7544K, capacity 9085K, committed 9152K, reserved 1048576K
}
Event: 51.285 GC heap before
{Heap before GC invocations=11 (full 1):
 par new generation   total 76672K, used 74865K [0x00000000c0000000, 0x00000000c5330000, 0x00000000c5330000)
  eden space 68160K, 100% used [0x00000000c0000000, 0x00000000c4290000, 0x00000000c4290000)
  from space 8512K,  78% used [0x00000000c4ae0000, 0x00000000c516c7c8, 0x00000000c5330000)
  to   space 8512K,   0% used [0x00000000c4290000, 0x00000000c4290000, 0x00000000c4ae0000)
 concurrent mark-sweep generation total 963392K, used 45060K [0x00000000c5330000, 0x0000000100000000, 0x0000000100000000)
 Metaspace       used 46945K, capacity 53120K, committed 53440K, reserved 1093632K
  class space    used 7616K, capacity 9283K, committed 9408K, reserved 1048576K
Event: 51.410 GC heap after
Heap after GC invocations=12 (full 1):
 par new generation   total 76672K, used 6614K [0x00000000c0000000, 0x00000000c5330000, 0x00000000c5330000)
  eden space 68160K,   0% used [0x00000000c0000000, 0x00000000c0000000, 0x00000000c4290000)
  from space 8512K,  77% used [0x00000000c4290000, 0x00000000c4905960, 0x00000000c4ae0000)
  to   space 8512K,   0% used [0x00000000c4ae0000, 0x00000000c4ae0000, 0x00000000c5330000)
 concurrent mark-sweep generation total 963392K, used 47200K [0x00000000c5330000, 0x0000000100000000, 0x0000000100000000)
 Metaspace       used 46945K, capacity 53120K, committed 53440K, reserved 1093632K
  class space    used 7616K, capacity 9283K, committed 9408K, reserved 1048576K
}
Event: 56.676 GC heap before
{Heap before GC invocations=12 (full 1):
 par new generation   total 76672K, used 74774K [0x00000000c0000000, 0x00000000c5330000, 0x00000000c5330000)
  eden space 68160K, 100% used [0x00000000c0000000, 0x00000000c4290000, 0x00000000c4290000)
  from space 8512K,  77% used [0x00000000c4290000, 0x00000000c4905960, 0x00000000c4ae0000)
  to   space 8512K,   0% used [0x00000000c4ae0000, 0x00000000c4ae0000, 0x00000000c5330000)
 concurrent mark-sweep generation total 963392K, used 47200K [0x00000000c5330000, 0x0000000100000000, 0x0000000100000000)
 Metaspace       used 48560K, capacity 54968K, committed 55104K, reserved 1095680K
  class space    used 8026K, capacity 9754K, committed 9792K, reserved 1048576K
Event: 56.856 GC heap after
Heap after GC invocations=13 (full 1):
 par new generation   total 76672K, used 5385K [0x00000000c0000000, 0x00000000c5330000, 0x00000000c5330000)
  eden space 68160K,   0% used [0x00000000c0000000, 0x00000000c0000000, 0x00000000c4290000)
  from space 8512K,  63% used [0x00000000c4ae0000, 0x00000000c50227a8, 0x00000000c5330000)
  to   space 8512K,   0% used [0x00000000c4290000, 0x00000000c4290000, 0x00000000c4ae0000)
 concurrent mark-sweep generation total 963392K, used 51230K [0x00000000c5330000, 0x0000000100000000, 0x0000000100000000)
 Metaspace       used 48560K, capacity 54968K, committed 55104K, reserved 1095680K
  class space    used 8026K, capacity 9754K, committed 9792K, reserved 1048576K
}
Event: 60.320 GC heap before
{Heap before GC invocations=13 (full 1):
 par new generation   total 76672K, used 73545K [0x00000000c0000000, 0x00000000c5330000, 0x00000000c5330000)
  eden space 68160K, 100% used [0x00000000c0000000, 0x00000000c4290000, 0x00000000c4290000)
  from space 8512K,  63% used [0x00000000c4ae0000, 0x00000000c50227a8, 0x00000000c5330000)
  to   space 8512K,   0% used [0x00000000c4290000, 0x00000000c4290000, 0x00000000c4ae0000)
 concurrent mark-sweep generation total 963392K, used 51230K [0x00000000c5330000, 0x0000000100000000, 0x0000000100000000)
 Metaspace       used 49181K, capacity 55830K, committed 56128K, reserved 1095680K
  class space    used 8177K, capacity 9956K, committed 10048K, reserved 1048576K
Event: 60.418 GC heap after
Heap after GC invocations=14 (full 1):
 par new generation   total 76672K, used 3715K [0x00000000c0000000, 0x00000000c5330000, 0x00000000c5330000)
  eden space 68160K,   0% used [0x00000000c0000000, 0x00000000c0000000, 0x00000000c4290000)
  from space 8512K,  43% used [0x00000000c4290000, 0x00000000c4630ec8, 0x00000000c4ae0000)
  to   space 8512K,   0% used [0x00000000c4ae0000, 0x00000000c4ae0000, 0x00000000c5330000)
 concurrent mark-sweep generation total 963392K, used 54433K [0x00000000c5330000, 0x0000000100000000, 0x0000000100000000)
 Metaspace       used 49181K, capacity 55830K, committed 56128K, reserved 1095680K
  class space    used 8177K, capacity 9956K, committed 10048K, reserved 1048576K
}
Event: 64.081 GC heap before
{Heap before GC invocations=14 (full 1):
 par new generation   total 76672K, used 71875K [0x00000000c0000000, 0x00000000c5330000, 0x00000000c5330000)
  eden space 68160K, 100% used [0x00000000c0000000, 0x00000000c4290000, 0x00000000c4290000)
  from space 8512K,  43% used [0x00000000c4290000, 0x00000000c4630ec8, 0x00000000c4ae0000)
  to   space 8512K,   0% used [0x00000000c4ae0000, 0x00000000c4ae0000, 0x00000000c5330000)
 concurrent mark-sweep generation total 963392K, used 54433K [0x00000000c5330000, 0x0000000100000000, 0x0000000100000000)
 Metaspace       used 49705K, capacity 56706K, committed 57024K, reserved 1095680K
  class space    used 8229K, capacity 10092K, committed 10176K, reserved 1048576K
Event: 64.336 GC heap after
Heap after GC invocations=15 (full 1):
 par new generation   total 76672K, used 8512K [0x00000000c0000000, 0x00000000c5330000, 0x00000000c5330000)
  eden space 68160K,   0% used [0x00000000c0000000, 0x00000000c0000000, 0x00000000c4290000)
  from space 8512K, 100% used [0x00000000c4ae0000, 0x00000000c5330000, 0x00000000c5330000)
  to   space 8512K,   0% used [0x00000000c4290000, 0x00000000c4290000, 0x00000000c4ae0000)
 concurrent mark-sweep generation total 963392K, used 54854K [0x00000000c5330000, 0x0000000100000000, 0x0000000100000000)
 Metaspace       used 49705K, capacity 56706K, committed 57024K, reserved 1095680K
  class space    used 8229K, capacity 10092K, committed 10176K, reserved 1048576K
}
Event: 78.083 GC heap before
{Heap before GC invocations=15 (full 2):
 par new generation   total 76672K, used 76672K [0x00000000c0000000, 0x00000000c5330000, 0x00000000c5330000)
  eden space 68160K, 100% used [0x00000000c0000000, 0x00000000c4290000, 0x00000000c4290000)
  from space 8512K, 100% used [0x00000000c4ae0000, 0x00000000c5330000, 0x00000000c5330000)
  to   space 8512K,   0% used [0x00000000c4290000, 0x00000000c4290000, 0x00000000c4ae0000)
 concurrent mark-sweep generation total 963392K, used 54854K [0x00000000c5330000, 0x0000000100000000, 0x0000000100000000)
 Metaspace       used 52927K, capacity 60080K, committed 60276K, reserved 1099776K
  class space    used 8892K, capacity 10810K, committed 10868K, reserved 1048576K
Event: 80.518 GC heap after
Heap after GC invocations=16 (full 2):
 par new generation   total 76672K, used 8511K [0x00000000c0000000, 0x00000000c5330000, 0x00000000c5330000)
  eden space 68160K,   0% used [0x00000000c0000000, 0x00000000c0000000, 0x00000000c4290000)
  from space 8512K,  99% used [0x00000000c4290000, 0x00000000c4adffd8, 0x00000000c4ae0000)
  to   space 8512K,   0% used [0x00000000c4ae0000, 0x00000000c4ae0000, 0x00000000c5330000)
 concurrent mark-sweep generation total 963392K, used 63771K [0x00000000c5330000, 0x0000000100000000, 0x0000000100000000)
 Metaspace       used 52927K, capacity 60080K, committed 60276K, reserved 1099776K
  class space    used 8892K, capacity 10810K, committed 10868K, reserved 1048576K
}
Event: 109.555 GC heap before
{Heap before GC invocations=16 (full 2):
 par new generation   total 76672K, used 76671K [0x00000000c0000000, 0x00000000c5330000, 0x00000000c5330000)
  eden space 68160K, 100% used [0x00000000c0000000, 0x00000000c4290000, 0x00000000c4290000)
  from space 8512K,  99% used [0x00000000c4290000, 0x00000000c4adffd8, 0x00000000c4ae0000)
  to   space 8512K,   0% used [0x00000000c4ae0000, 0x00000000c4ae0000, 0x00000000c5330000)
 concurrent mark-sweep generation total 963392K, used 53253K [0x00000000c5330000, 0x0000000100000000, 0x0000000100000000)
 Metaspace       used 54724K, capacity 61782K, committed 62116K, reserved 1099776K
  class space    used 9181K, capacity 11025K, committed 11124K, reserved 1048576K
Event: 121.888 GC heap after
Heap after GC invocations=17 (full 2):
 par new generation   total 76672K, used 7182K [0x00000000c0000000, 0x00000000c5330000, 0x00000000c5330000)
  eden space 68160K,   0% used [0x00000000c0000000, 0x00000000c0000000, 0x00000000c4290000)
  from space 8512K,  84% used [0x00000000c4ae0000, 0x00000000c51e38b8, 0x00000000c5330000)
  to   space 8512K,   0% used [0x00000000c4290000, 0x00000000c4290000, 0x00000000c4ae0000)
 concurrent mark-sweep generation total 963392K, used 58600K [0x00000000c5330000, 0x0000000100000000, 0x0000000100000000)
 Metaspace       used 54724K, capacity 61782K, committed 62116K, reserved 1099776K
  class space    used 9181K, capacity 11025K, committed 11124K, reserved 1048576K
}
Event: 128.652 GC heap before
{Heap before GC invocations=17 (full 2):
 par new generation   total 76672K, used 75342K [0x00000000c0000000, 0x00000000c5330000, 0x00000000c5330000)
  eden space 68160K, 100% used [0x00000000c0000000, 0x00000000c4290000, 0x00000000c4290000)
  from space 8512K,  84% used [0x00000000c4ae0000, 0x00000000c51e38b8, 0x00000000c5330000)
  to   space 8512K,   0% used [0x00000000c4290000, 0x00000000c4290000, 0x00000000c4ae0000)
 concurrent mark-sweep generation total 963392K, used 58600K [0x00000000c5330000, 0x0000000100000000, 0x0000000100000000)
 Metaspace       used 54740K, capacity 61846K, committed 62116K, reserved 1099776K
  class space    used 9181K, capacity 11025K, committed 11124K, reserved 1048576K
Event: 130.031 GC heap after
Heap after GC invocations=18 (full 2):
 par new generation   total 76672K, used 2669K [0x00000000c0000000, 0x00000000c5330000, 0x00000000c5330000)
  eden space 68160K,   0% used [0x00000000c0000000, 0x00000000c0000000, 0x00000000c4290000)
  from space 8512K,  31% used [0x00000000c4290000, 0x00000000c452b5b0, 0x00000000c4ae0000)
  to   space 8512K,   0% used [0x00000000c4ae0000, 0x00000000c4ae0000, 0x00000000c5330000)
 concurrent mark-sweep generation total 963392K, used 61839K [0x00000000c5330000, 0x0000000100000000, 0x0000000100000000)
 Metaspace       used 54740K, capacity 61846K, committed 62116K, reserved 1099776K
  class space    used 9181K, capacity 11025K, committed 11124K, reserved 1048576K
}
Event: 148.494 GC heap before
{Heap before GC invocations=18 (full 2):
 par new generation   total 76672K, used 70829K [0x00000000c0000000, 0x00000000c5330000, 0x00000000c5330000)
  eden space 68160K, 100% used [0x00000000c0000000, 0x00000000c4290000, 0x00000000c4290000)
  from space 8512K,  31% used [0x00000000c4290000, 0x00000000c452b5b0, 0x00000000c4ae0000)
  to   space 8512K,   0% used [0x00000000c4ae0000, 0x00000000c4ae0000, 0x00000000c5330000)
 concurrent mark-sweep generation total 963392K, used 61839K [0x00000000c5330000, 0x0000000100000000, 0x0000000100000000)
 Metaspace       used 55440K, capacity 62574K, committed 62836K, reserved 1101824K
  class space    used 9359K, capacity 11240K, committed 11380K, reserved 1048576K
Event: 152.450 GC heap after
Heap after GC invocations=19 (full 2):
 par new generation   total 76672K, used 4151K [0x00000000c0000000, 0x00000000c5330000, 0x00000000c5330000)
  eden space 68160K,   0% used [0x00000000c0000000, 0x00000000c0000000, 0x00000000c4290000)
  from space 8512K,  48% used [0x00000000c4ae0000, 0x00000000c4eedd28, 0x00000000c5330000)
  to   space 8512K,   0% used [0x00000000c4290000, 0x00000000c4290000, 0x00000000c4ae0000)
 concurrent mark-sweep generation total 963392K, used 61839K [0x00000000c5330000, 0x0000000100000000, 0x0000000100000000)
 Metaspace       used 55440K, capacity 62574K, committed 62836K, reserved 1101824K
  class space    used 9359K, capacity 11240K, committed 11380K, reserved 1048576K
}
Event: 195.562 GC heap before
{Heap before GC invocations=19 (full 2):
 par new generation   total 76672K, used 72311K [0x00000000c0000000, 0x00000000c5330000, 0x00000000c5330000)
  eden space 68160K, 100% used [0x00000000c0000000, 0x00000000c4290000, 0x00000000c4290000)
  from space 8512K,  48% used [0x00000000c4ae0000, 0x00000000c4eedd28, 0x00000000c5330000)
  to   space 8512K,   0% used [0x00000000c4290000, 0x00000000c4290000, 0x00000000c4ae0000)
 concurrent mark-sweep generation total 963392K, used 61839K [0x00000000c5330000, 0x0000000100000000, 0x0000000100000000)
 Metaspace       used 56453K, capacity 63800K, committed 64116K, reserved 1101824K
  class space    used 9537K, capacity 11468K, committed 11636K, reserved 1048576K
Event: 206.583 GC heap after
Heap after GC invocations=20 (full 2):
 par new generation   total 76672K, used 8512K [0x00000000c0000000, 0x00000000c5330000, 0x00000000c5330000)
  eden space 68160K,   0% used [0x00000000c0000000, 0x00000000c0000000, 0x00000000c4290000)
  from space 8512K, 100% used [0x00000000c4290000, 0x00000000c4ae0000, 0x00000000c4ae0000)
  to   space 8512K,   0% used [0x00000000c4ae0000, 0x00000000c4ae0000, 0x00000000c5330000)
 concurrent mark-sweep generation total 963392K, used 62932K [0x00000000c5330000, 0x0000000100000000, 0x0000000100000000)
 Metaspace       used 56453K, capacity 63800K, committed 64116K, reserved 1101824K
  class space    used 9537K, capacity 11468K, committed 11636K, reserved 1048576K
}
Event: 235.330 GC heap before
{Heap before GC invocations=20 (full 2):
 par new generation   total 76672K, used 76672K [0x00000000c0000000, 0x00000000c5330000, 0x00000000c5330000)
  eden space 68160K, 100% used [0x00000000c0000000, 0x00000000c4290000, 0x00000000c4290000)
  from space 8512K, 100% used [0x00000000c4290000, 0x00000000c4ae0000, 0x00000000c4ae0000)
  to   space 8512K,   0% used [0x00000000c4ae0000, 0x00000000c4ae0000, 0x00000000c5330000)
 concurrent mark-sweep generation total 963392K, used 62932K [0x00000000c5330000, 0x0000000100000000, 0x0000000100000000)
 Metaspace       used 57313K, capacity 64846K, committed 65012K, reserved 1101824K
  class space    used 9695K, capacity 11666K, committed 11764K, reserved 1048576K
Event: 252.067 GC heap after
Heap after GC invocations=21 (full 2):
 par new generation   total 76672K, used 7467K [0x00000000c0000000, 0x00000000c5330000, 0x00000000c5330000)
  eden space 68160K,   0% used [0x00000000c0000000, 0x00000000c0000000, 0x00000000c4290000)
  from space 8512K,  87% used [0x00000000c4ae0000, 0x00000000c522add0, 0x00000000c5330000)
  to   space 8512K,   0% used [0x00000000c4290000, 0x00000000c4290000, 0x00000000c4ae0000)
 concurrent mark-sweep generation total 963392K, used 71421K [0x00000000c5330000, 0x0000000100000000, 0x0000000100000000)
 Metaspace       used 57313K, capacity 64846K, committed 65012K, reserved 1101824K
  class space    used 9695K, capacity 11666K, committed 11764K, reserved 1048576K
}
Event: 292.481 GC heap before
{Heap before GC invocations=21 (full 2):
 par new generation   total 76672K, used 75627K [0x00000000c0000000, 0x00000000c5330000, 0x00000000c5330000)
  eden space 68160K, 100% used [0x00000000c0000000, 0x00000000c4290000, 0x00000000c4290000)
  from space 8512K,  87% used [0x00000000c4ae0000, 0x00000000c522add0, 0x00000000c5330000)
  to   space 8512K,   0% used [0x00000000c4290000, 0x00000000c4290000, 0x00000000c4ae0000)
 concurrent mark-sweep generation total 963392K, used 71421K [0x00000000c5330000, 0x0000000100000000, 0x0000000100000000)
 Metaspace       used 57905K, capacity 65972K, committed 66164K, reserved 1103872K
  class space    used 9778K, capacity 11866K, committed 11892K, reserved 1048576K
Event: 304.731 GC heap after
Heap after GC invocations=22 (full 2):
 par new generation   total 76672K, used 5849K [0x00000000c0000000, 0x00000000c5330000, 0x00000000c5330000)
  eden space 68160K,   0% used [0x00000000c0000000, 0x00000000c0000000, 0x00000000c4290000)
  from space 8512K,  68% used [0x00000000c4290000, 0x00000000c48467c0, 0x00000000c4ae0000)
  to   space 8512K,   0% used [0x00000000c4ae0000, 0x00000000c4ae0000, 0x00000000c5330000)
 concurrent mark-sweep generation total 963392K, used 76660K [0x00000000c5330000, 0x0000000100000000, 0x0000000100000000)
 Metaspace       used 57905K, capacity 65972K, committed 66164K, reserved 1103872K
  class space    used 9778K, capacity 11866K, committed 11892K, reserved 1048576K
}

