# JRE version: OpenJDK Runtime Environment (8.0_252-b09) (build 1.8.0_252-b09)
# Java VM: OpenJDK 64-Bit Server VM (25.252-b09 mixed mode linux-amd64 compressed oops)
Heap:
 par new generation   total 76672K, used 26245K [0x00000000c0000000, 0x00000000c5330000, 0x00000000c5330000)
  eden space 68160K,  26% used [0x00000000c0000000, 0x00000000c1151768, 0x00000000c4290000)
  from space 8512K, 100% used [0x00000000c4290000, 0x00000000c4ae0000, 0x00000000c4ae0000)
  to   space 8512K,   0% used [0x00000000c4ae0000, 0x00000000c4ae0000, 0x00000000c5330000)
 concurrent mark-sweep generation total 963392K, used 65918K [0x00000000c5330000, 0x0000000100000000, 0x0000000100000000)
 Metaspace       used 57211K, capacity 64639K, committed 64676K, reserved 1101824K
  class space    used 9702K, capacity 11674K, committed 11684K, reserved 1048576K
GC Heap History (40 events):
Event: 5.910 GC heap before
{Heap before GC invocations=0 (full 0):
 par new generation   total 76672K, used 68160K [0x00000000c0000000, 0x00000000c5330000, 0x00000000c5330000)
  eden space 68160K, 100% used [0x00000000c0000000, 0x00000000c4290000, 0x00000000c4290000)
  from space 8512K,   0% used [0x00000000c4290000, 0x00000000c4290000, 0x00000000c4ae0000)
  to   space 8512K,   0% used [0x00000000c4ae0000, 0x00000000c4ae0000, 0x00000000c5330000)
 concurrent mark-sweep generation total 963392K, used 0K [0x00000000c5330000, 0x0000000100000000, 0x0000000100000000)
 Metaspace       used 19279K, capacity 19430K, committed 19840K, reserved 1067008K
  class space    used 2805K, capacity 2876K, committed 2944K, reserved 1048576K
Event: 5.969 GC heap after
Heap after GC invocations=1 (full 0):
 par new generation   total 76672K, used 8511K [0x00000000c0000000, 0x00000000c5330000, 0x00000000c5330000)
  eden space 68160K,   0% used [0x00000000c0000000, 0x00000000c0000000, 0x00000000c4290000)
  from space 8512K,  99% used [0x00000000c4ae0000, 0x00000000c532fff8, 0x00000000c5330000)
  to   space 8512K,   0% used [0x00000000c4290000, 0x00000000c4290000, 0x00000000c4ae0000)
 concurrent mark-sweep generation total 963392K, used 3303K [0x00000000c5330000, 0x0000000100000000, 0x0000000100000000)
 Metaspace       used 19279K, capacity 19430K, committed 19840K, reserved 1067008K
  class space    used 2805K, capacity 2876K, committed 2944K, reserved 1048576K
}
Event: 12.584 GC heap before
{Heap before GC invocations=1 (full 1):
 par new generation   total 76672K, used 76671K [0x00000000c0000000, 0x00000000c5330000, 0x00000000c5330000)
  eden space 68160K, 100% used [0x00000000c0000000, 0x00000000c4290000, 0x00000000c4290000)
  from space 8512K,  99% used [0x00000000c4ae0000, 0x00000000c532fff8, 0x00000000c5330000)
  to   space 8512K,   0% used [0x00000000c4290000, 0x00000000c4290000, 0x00000000c4ae0000)
 concurrent mark-sweep generation total 963392K, used 3303K [0x00000000c5330000, 0x0000000100000000, 0x0000000100000000)
 Metaspace       used 31782K, capacity 32391K, committed 32508K, reserved 1077248K
  class space    used 5392K, capacity 5534K, committed 5620K, reserved 1048576K
Event: 12.702 GC heap after
Heap after GC invocations=2 (full 1):
 par new generation   total 76672K, used 8512K [0x00000000c0000000, 0x00000000c5330000, 0x00000000c5330000)
  eden space 68160K,   0% used [0x00000000c0000000, 0x00000000c0000000, 0x00000000c4290000)
  from space 8512K, 100% used [0x00000000c4290000, 0x00000000c4ae0000, 0x00000000c4ae0000)
  to   space 8512K,   0% used [0x00000000c4ae0000, 0x00000000c4ae0000, 0x00000000c5330000)
 concurrent mark-sweep generation total 963392K, used 11160K [0x00000000c5330000, 0x0000000100000000, 0x0000000100000000)
 Metaspace       used 31782K, capacity 32391K, committed 32508K, reserved 1077248K
  class space    used 5392K, capacity 5534K, committed 5620K, reserved 1048576K
}
Event: 20.911 GC heap before
{Heap before GC invocations=2 (full 1):
 par new generation   total 76672K, used 76672K [0x00000000c0000000, 0x00000000c5330000, 0x00000000c5330000)
  eden space 68160K, 100% used [0x00000000c0000000, 0x00000000c4290000, 0x00000000c4290000)
  from space 8512K, 100% used [0x00000000c4290000, 0x00000000c4ae0000, 0x00000000c4ae0000)
  to   space 8512K,   0% used [0x00000000c4ae0000, 0x00000000c4ae0000, 0x00000000c5330000)
 concurrent mark-sweep generation total 963392K, used 11160K [0x00000000c5330000, 0x0000000100000000, 0x0000000100000000)
 Metaspace       used 34692K, capacity 35477K, committed 35596K, reserved 1079296K
  class space    used 5731K, capacity 5899K, committed 5900K, reserved 1048576K
Event: 21.238 GC heap after
Heap after GC invocations=3 (full 1):
 par new generation   total 76672K, used 8512K [0x00000000c0000000, 0x00000000c5330000, 0x00000000c5330000)
  eden space 68160K,   0% used [0x00000000c0000000, 0x00000000c0000000, 0x00000000c4290000)
  from space 8512K, 100% used [0x00000000c4ae0000, 0x00000000c5330000, 0x00000000c5330000)
  to   space 8512K,   0% used [0x00000000c4290000, 0x00000000c4290000, 0x00000000c4ae0000)
 concurrent mark-sweep generation total 963392K, used 15517K [0x00000000c5330000, 0x0000000100000000, 0x0000000100000000)
 Metaspace       used 34692K, capacity 35477K, committed 35596K, reserved 1079296K
  class space    used 5731K, capacity 5899K, committed 5900K, reserved 1048576K
}
Event: 25.303 GC heap before
{Heap before GC invocations=3 (full 1):
 par new generation   total 76672K, used 76672K [0x00000000c0000000, 0x00000000c5330000, 0x00000000c5330000)
  eden space 68160K, 100% used [0x00000000c0000000, 0x00000000c4290000, 0x00000000c4290000)
  from space 8512K, 100% used [0x00000000c4ae0000, 0x00000000c5330000, 0x00000000c5330000)
  to   space 8512K,   0% used [0x00000000c4290000, 0x00000000c4290000, 0x00000000c4ae0000)
 concurrent mark-sweep generation total 963392K, used 15517K [0x00000000c5330000, 0x0000000100000000, 0x0000000100000000)
 Metaspace       used 38785K, capacity 40229K, committed 40460K, reserved 1083392K
  class space    used 6655K, capacity 7064K, committed 7180K, reserved 1048576K
Event: 25.502 GC heap after
Heap after GC invocations=4 (full 1):
 par new generation   total 76672K, used 7590K [0x00000000c0000000, 0x00000000c5330000, 0x00000000c5330000)
  eden space 68160K,   0% used [0x00000000c0000000, 0x00000000c0000000, 0x00000000c4290000)
  from space 8512K,  89% used [0x00000000c4290000, 0x00000000c49f9b58, 0x00000000c4ae0000)
  to   space 8512K,   0% used [0x00000000c4ae0000, 0x00000000c4ae0000, 0x00000000c5330000)
 concurrent mark-sweep generation total 963392K, used 22972K [0x00000000c5330000, 0x0000000100000000, 0x0000000100000000)
 Metaspace       used 38785K, capacity 40229K, committed 40460K, reserved 1083392K
  class space    used 6655K, capacity 7064K, committed 7180K, reserved 1048576K
}
Event: 29.249 GC heap before
{Heap before GC invocations=4 (full 1):
 par new generation   total 76672K, used 75750K [0x00000000c0000000, 0x00000000c5330000, 0x00000000c5330000)
  eden space 68160K, 100% used [0x00000000c0000000, 0x00000000c4290000, 0x00000000c4290000)
  from space 8512K,  89% used [0x00000000c4290000, 0x00000000c49f9b58, 0x00000000c4ae0000)
  to   space 8512K,   0% used [0x00000000c4ae0000, 0x00000000c4ae0000, 0x00000000c5330000)
 concurrent mark-sweep generation total 963392K, used 22972K [0x00000000c5330000, 0x0000000100000000, 0x0000000100000000)
 Metaspace       used 40334K, capacity 42411K, committed 42636K, reserved 1085440K
  class space    used 6854K, capacity 7482K, committed 7564K, reserved 1048576K
Event: 29.348 GC heap after
Heap after GC invocations=5 (full 1):
 par new generation   total 76672K, used 5851K [0x00000000c0000000, 0x00000000c5330000, 0x00000000c5330000)
  eden space 68160K,   0% used [0x00000000c0000000, 0x00000000c0000000, 0x00000000c4290000)
  from space 8512K,  68% used [0x00000000c4ae0000, 0x00000000c5096d38, 0x00000000c5330000)
  to   space 8512K,   0% used [0x00000000c4290000, 0x00000000c4290000, 0x00000000c4ae0000)
 concurrent mark-sweep generation total 963392K, used 26298K [0x00000000c5330000, 0x0000000100000000, 0x0000000100000000)
 Metaspace       used 40334K, capacity 42411K, committed 42636K, reserved 1085440K
  class space    used 6854K, capacity 7482K, committed 7564K, reserved 1048576K
}
Event: 31.917 GC heap before
{Heap before GC invocations=5 (full 1):
 par new generation   total 76672K, used 74011K [0x00000000c0000000, 0x00000000c5330000, 0x00000000c5330000)
  eden space 68160K, 100% used [0x00000000c0000000, 0x00000000c4290000, 0x00000000c4290000)
  from space 8512K,  68% used [0x00000000c4ae0000, 0x00000000c5096d38, 0x00000000c5330000)
  to   space 8512K,   0% used [0x00000000c4290000, 0x00000000c4290000, 0x00000000c4ae0000)
 concurrent mark-sweep generation total 963392K, used 26298K [0x00000000c5330000, 0x0000000100000000, 0x0000000100000000)
 Metaspace       used 41525K, capacity 44231K, committed 44556K, reserved 1085440K
  class space    used 7027K, capacity 7847K, committed 7948K, reserved 1048576K
Event: 32.388 GC heap after
Heap after GC invocations=6 (full 1):
 par new generation   total 76672K, used 8498K [0x00000000c0000000, 0x00000000c5330000, 0x00000000c5330000)
  eden space 68160K,   0% used [0x00000000c0000000, 0x00000000c0000000, 0x00000000c4290000)
  from space 8512K,  99% used [0x00000000c4290000, 0x00000000c4adc960, 0x00000000c4ae0000)
  to   space 8512K,   0% used [0x00000000c4ae0000, 0x00000000c4ae0000, 0x00000000c5330000)
 concurrent mark-sweep generation total 963392K, used 30436K [0x00000000c5330000, 0x0000000100000000, 0x0000000100000000)
 Metaspace       used 41525K, capacity 44231K, committed 44556K, reserved 1085440K
  class space    used 7027K, capacity 7847K, committed 7948K, reserved 1048576K
}
Event: 38.023 GC heap before
{Heap before GC invocations=6 (full 1):
 par new generation   total 76672K, used 76658K [0x00000000c0000000, 0x00000000c5330000, 0x00000000c5330000)
  eden space 68160K, 100% used [0x00000000c0000000, 0x00000000c4290000, 0x00000000c4290000)
  from space 8512K,  99% used [0x00000000c4290000, 0x00000000c4adc960, 0x00000000c4ae0000)
  to   space 8512K,   0% used [0x00000000c4ae0000, 0x00000000c4ae0000, 0x00000000c5330000)
 concurrent mark-sweep generation total 963392K, used 30436K [0x00000000c5330000, 0x0000000100000000, 0x0000000100000000)
 Metaspace       used 42651K, capacity 46199K, committed 46348K, reserved 1087488K
  class space    used 7172K, capacity 8204K, committed 8204K, reserved 1048576K
Event: 38.150 GC heap after
Heap after GC invocations=7 (full 1):
 par new generation   total 76672K, used 5159K [0x00000000c0000000, 0x00000000c5330000, 0x00000000c5330000)
  eden space 68160K,   0% used [0x00000000c0000000, 0x00000000c0000000, 0x00000000c4290000)
  from space 8512K,  60% used [0x00000000c4ae0000, 0x00000000c4fe9e58, 0x00000000c5330000)
  to   space 8512K,   0% used [0x00000000c4290000, 0x00000000c4290000, 0x00000000c4ae0000)
 concurrent mark-sweep generation total 963392K, used 35379K [0x00000000c5330000, 0x0000000100000000, 0x0000000100000000)
 Metaspace       used 42651K, capacity 46199K, committed 46348K, reserved 1087488K
  class space    used 7172K, capacity 8204K, committed 8204K, reserved 1048576K
}
Event: 48.873 GC heap before
{Heap before GC invocations=7 (full 1):
 par new generation   total 76672K, used 73319K [0x00000000c0000000, 0x00000000c5330000, 0x00000000c5330000)
  eden space 68160K, 100% used [0x00000000c0000000, 0x00000000c4290000, 0x00000000c4290000)
  from space 8512K,  60% used [0x00000000c4ae0000, 0x00000000c4fe9e58, 0x00000000c5330000)
  to   space 8512K,   0% used [0x00000000c4290000, 0x00000000c4290000, 0x00000000c4ae0000)
 concurrent mark-sweep generation total 963392K, used 35379K [0x00000000c5330000, 0x0000000100000000, 0x0000000100000000)
 Metaspace       used 43802K, capacity 47881K, committed 48012K, reserved 1089536K
  class space    used 7273K, capacity 8512K, committed 8588K, reserved 1048576K
Event: 49.610 GC heap after
Heap after GC invocations=8 (full 1):
 par new generation   total 76672K, used 8511K [0x00000000c0000000, 0x00000000c5330000, 0x00000000c5330000)
  eden space 68160K,   0% used [0x00000000c0000000, 0x00000000c0000000, 0x00000000c4290000)
  from space 8512K,  99% used [0x00000000c4290000, 0x00000000c4adfff0, 0x00000000c4ae0000)
  to   space 8512K,   0% used [0x00000000c4ae0000, 0x00000000c4ae0000, 0x00000000c5330000)
 concurrent mark-sweep generation total 963392K, used 35461K [0x00000000c5330000, 0x0000000100000000, 0x0000000100000000)
 Metaspace       used 43802K, capacity 47881K, committed 48012K, reserved 1089536K
  class space    used 7273K, capacity 8512K, committed 8588K, reserved 1048576K
}
Event: 54.407 GC heap before
{Heap before GC invocations=8 (full 1):
 par new generation   total 76672K, used 76671K [0x00000000c0000000, 0x00000000c5330000, 0x00000000c5330000)
  eden space 68160K, 100% used [0x00000000c0000000, 0x00000000c4290000, 0x00000000c4290000)
  from space 8512K,  99% used [0x00000000c4290000, 0x00000000c4adfff0, 0x00000000c4ae0000)
  to   space 8512K,   0% used [0x00000000c4ae0000, 0x00000000c4ae0000, 0x00000000c5330000)
 concurrent mark-sweep generation total 963392K, used 35461K [0x00000000c5330000, 0x0000000100000000, 0x0000000100000000)
 Metaspace       used 45055K, capacity 49697K, committed 49804K, reserved 1089536K
  class space    used 7463K, capacity 8834K, committed 8844K, reserved 1048576K
Event: 56.213 GC heap after
Heap after GC invocations=9 (full 1):
 par new generation   total 76672K, used 6883K [0x00000000c0000000, 0x00000000c5330000, 0x00000000c5330000)
  eden space 68160K,   0% used [0x00000000c0000000, 0x00000000c0000000, 0x00000000c4290000)
  from space 8512K,  80% used [0x00000000c4ae0000, 0x00000000c5198d50, 0x00000000c5330000)
  to   space 8512K,   0% used [0x00000000c4290000, 0x00000000c4290000, 0x00000000c4ae0000)
 concurrent mark-sweep generation total 963392K, used 39264K [0x00000000c5330000, 0x0000000100000000, 0x0000000100000000)
 Metaspace       used 45055K, capacity 49697K, committed 49804K, reserved 1089536K
  class space    used 7463K, capacity 8834K, committed 8844K, reserved 1048576K
}
Event: 69.061 GC heap before
{Heap before GC invocations=9 (full 1):
 par new generation   total 76672K, used 75043K [0x00000000c0000000, 0x00000000c5330000, 0x00000000c5330000)
  eden space 68160K, 100% used [0x00000000c0000000, 0x00000000c4290000, 0x00000000c4290000)
  from space 8512K,  80% used [0x00000000c4ae0000, 0x00000000c5198d50, 0x00000000c5330000)
  to   space 8512K,   0% used [0x00000000c4290000, 0x00000000c4290000, 0x00000000c4ae0000)
 concurrent mark-sweep generation total 963392K, used 39264K [0x00000000c5330000, 0x0000000100000000, 0x0000000100000000)
 Metaspace       used 45532K, capacity 50601K, committed 50700K, reserved 1091584K
  class space    used 7507K, capacity 8960K, committed 8972K, reserved 1048576K
Event: 70.004 GC heap after
Heap after GC invocations=10 (full 1):
 par new generation   total 76672K, used 7030K [0x00000000c0000000, 0x00000000c5330000, 0x00000000c5330000)
  eden space 68160K,   0% used [0x00000000c0000000, 0x00000000c0000000, 0x00000000c4290000)
  from space 8512K,  82% used [0x00000000c4290000, 0x00000000c496d840, 0x00000000c4ae0000)
  to   space 8512K,   0% used [0x00000000c4ae0000, 0x00000000c4ae0000, 0x00000000c5330000)
 concurrent mark-sweep generation total 963392K, used 41980K [0x00000000c5330000, 0x0000000100000000, 0x0000000100000000)
 Metaspace       used 45532K, capacity 50601K, committed 50700K, reserved 1091584K
  class space    used 7507K, capacity 8960K, committed 8972K, reserved 1048576K
}
Event: 78.567 GC heap before
{Heap before GC invocations=10 (full 1):
 par new generation   total 76672K, used 75190K [0x00000000c0000000, 0x00000000c5330000, 0x00000000c5330000)
  eden space 68160K, 100% used [0x00000000c0000000, 0x00000000c4290000, 0x00000000c4290000)
  from space 8512K,  82% used [0x00000000c4290000, 0x00000000c496d840, 0x00000000c4ae0000)
  to   space 8512K,   0% used [0x00000000c4ae0000, 0x00000000c4ae0000, 0x00000000c5330000)
 concurrent mark-sweep generation total 963392K, used 41980K [0x00000000c5330000, 0x0000000100000000, 0x0000000100000000)
 Metaspace       used 46046K, capacity 51521K, committed 51596K, reserved 1091584K
  class space    used 7545K, capacity 9093K, committed 9100K, reserved 1048576K
Event: 78.737 GC heap after
Heap after GC invocations=11 (full 1):
 par new generation   total 76672K, used 6750K [0x00000000c0000000, 0x00000000c5330000, 0x00000000c5330000)
  eden space 68160K,   0% used [0x00000000c0000000, 0x00000000c0000000, 0x00000000c4290000)
  from space 8512K,  79% used [0x00000000c4ae0000, 0x00000000c51779a0, 0x00000000c5330000)
  to   space 8512K,   0% used [0x00000000c4290000, 0x00000000c4290000, 0x00000000c4ae0000)
 concurrent mark-sweep generation total 963392K, used 44965K [0x00000000c5330000, 0x0000000100000000, 0x0000000100000000)
 Metaspace       used 46046K, capacity 51521K, committed 51596K, reserved 1091584K
  class space    used 7545K, capacity 9093K, committed 9100K, reserved 1048576K
}
Event: 88.911 GC heap before
{Heap before GC invocations=11 (full 1):
 par new generation   total 76672K, used 74910K [0x00000000c0000000, 0x00000000c5330000, 0x00000000c5330000)
  eden space 68160K, 100% used [0x00000000c0000000, 0x00000000c4290000, 0x00000000c4290000)
  from space 8512K,  79% used [0x00000000c4ae0000, 0x00000000c51779a0, 0x00000000c5330000)
  to   space 8512K,   0% used [0x00000000c4290000, 0x00000000c4290000, 0x00000000c4ae0000)
 concurrent mark-sweep generation total 963392K, used 44965K [0x00000000c5330000, 0x0000000100000000, 0x0000000100000000)
 Metaspace       used 46998K, capacity 53165K, committed 53388K, reserved 1093632K
  class space    used 7617K, capacity 9293K, committed 9356K, reserved 1048576K
Event: 89.109 GC heap after
Heap after GC invocations=12 (full 1):
 par new generation   total 76672K, used 6624K [0x00000000c0000000, 0x00000000c5330000, 0x00000000c5330000)
  eden space 68160K,   0% used [0x00000000c0000000, 0x00000000c0000000, 0x00000000c4290000)
  from space 8512K,  77% used [0x00000000c4290000, 0x00000000c4908240, 0x00000000c4ae0000)
  to   space 8512K,   0% used [0x00000000c4ae0000, 0x00000000c4ae0000, 0x00000000c5330000)
 concurrent mark-sweep generation total 963392K, used 47106K [0x00000000c5330000, 0x0000000100000000, 0x0000000100000000)
 Metaspace       used 46998K, capacity 53165K, committed 53388K, reserved 1093632K
  class space    used 7617K, capacity 9293K, committed 9356K, reserved 1048576K
}
Event: 96.519 GC heap before
{Heap before GC invocations=12 (full 1):
 par new generation   total 76672K, used 74784K [0x00000000c0000000, 0x00000000c5330000, 0x00000000c5330000)
  eden space 68160K, 100% used [0x00000000c0000000, 0x00000000c4290000, 0x00000000c4290000)
  from space 8512K,  77% used [0x00000000c4290000, 0x00000000c4908240, 0x00000000c4ae0000)
  to   space 8512K,   0% used [0x00000000c4ae0000, 0x00000000c4ae0000, 0x00000000c5330000)
 concurrent mark-sweep generation total 963392K, used 47106K [0x00000000c5330000, 0x0000000100000000, 0x0000000100000000)
 Metaspace       used 48588K, capacity 54979K, committed 55180K, reserved 1095680K
  class space    used 8027K, capacity 9762K, committed 9868K, reserved 1048576K
Event: 96.920 GC heap after
Heap after GC invocations=13 (full 1):
 par new generation   total 76672K, used 5406K [0x00000000c0000000, 0x00000000c5330000, 0x00000000c5330000)
  eden space 68160K,   0% used [0x00000000c0000000, 0x00000000c0000000, 0x00000000c4290000)
  from space 8512K,  63% used [0x00000000c4ae0000, 0x00000000c50278c0, 0x00000000c5330000)
  to   space 8512K,   0% used [0x00000000c4290000, 0x00000000c4290000, 0x00000000c4ae0000)
 concurrent mark-sweep generation total 963392K, used 51142K [0x00000000c5330000, 0x0000000100000000, 0x0000000100000000)
 Metaspace       used 48588K, capacity 54979K, committed 55180K, reserved 1095680K
  class space    used 8027K, capacity 9762K, committed 9868K, reserved 1048576K
}
Event: 101.803 GC heap before
{Heap before GC invocations=13 (full 2):
 par new generation   total 76672K, used 73566K [0x00000000c0000000, 0x00000000c5330000, 0x00000000c5330000)
  eden space 68160K, 100% used [0x00000000c0000000, 0x00000000c4290000, 0x00000000c4290000)
  from space 8512K,  63% used [0x00000000c4ae0000, 0x00000000c50278c0, 0x00000000c5330000)
  to   space 8512K,   0% used [0x00000000c4290000, 0x00000000c4290000, 0x00000000c4ae0000)
 concurrent mark-sweep generation total 963392K, used 51142K [0x00000000c5330000, 0x0000000100000000, 0x0000000100000000)
 Metaspace       used 49213K, capacity 55909K, committed 56004K, reserved 1095680K
  class space    used 8179K, capacity 9964K, committed 9996K, reserved 1048576K
Event: 102.839 GC heap after
Heap after GC invocations=14 (full 2):
 par new generation   total 76672K, used 3760K [0x00000000c0000000, 0x00000000c5330000, 0x00000000c5330000)
  eden space 68160K,   0% used [0x00000000c0000000, 0x00000000c0000000, 0x00000000c4290000)
  from space 8512K,  44% used [0x00000000c4290000, 0x00000000c463c000, 0x00000000c4ae0000)
  to   space 8512K,   0% used [0x00000000c4ae0000, 0x00000000c4ae0000, 0x00000000c5330000)
 concurrent mark-sweep generation total 963392K, used 54378K [0x00000000c5330000, 0x0000000100000000, 0x0000000100000000)
 Metaspace       used 49213K, capacity 55909K, committed 56004K, reserved 1095680K
  class space    used 8179K, capacity 9964K, committed 9996K, reserved 1048576K
}
Event: 135.114 GC heap before
{Heap before GC invocations=14 (full 2):
 par new generation   total 76672K, used 71920K [0x00000000c0000000, 0x00000000c5330000, 0x00000000c5330000)
  eden space 68160K, 100% used [0x00000000c0000000, 0x00000000c4290000, 0x00000000c4290000)
  from space 8512K,  44% used [0x00000000c4290000, 0x00000000c463c000, 0x00000000c4ae0000)
  to   space 8512K,   0% used [0x00000000c4ae0000, 0x00000000c4ae0000, 0x00000000c5330000)
 concurrent mark-sweep generation total 963392K, used 44715K [0x00000000c5330000, 0x0000000100000000, 0x0000000100000000)
 Metaspace       used 49775K, capacity 56819K, committed 57076K, reserved 1095680K
  class space    used 8235K, capacity 10082K, committed 10148K, reserved 1048576K
Event: 146.775 GC heap after
Heap after GC invocations=15 (full 2):
 par new generation   total 76672K, used 8512K [0x00000000c0000000, 0x00000000c5330000, 0x00000000c5330000)
  eden space 68160K,   0% used [0x00000000c0000000, 0x00000000c0000000, 0x00000000c4290000)
  from space 8512K, 100% used [0x00000000c4ae0000, 0x00000000c5330000, 0x00000000c5330000)
  to   space 8512K,   0% used [0x00000000c4290000, 0x00000000c4290000, 0x00000000c4ae0000)
 concurrent mark-sweep generation total 963392K, used 45196K [0x00000000c5330000, 0x0000000100000000, 0x0000000100000000)
 Metaspace       used 49775K, capacity 56819K, committed 57076K, reserved 1095680K
  class space    used 8235K, capacity 10082K, committed 10148K, reserved 1048576K
}
Event: 175.818 GC heap before
{Heap before GC invocations=15 (full 2):
 par new generation   total 76672K, used 76672K [0x00000000c0000000, 0x00000000c5330000, 0x00000000c5330000)
  eden space 68160K, 100% used [0x00000000c0000000, 0x00000000c4290000, 0x00000000c4290000)
  from space 8512K, 100% used [0x00000000c4ae0000, 0x00000000c5330000, 0x00000000c5330000)
  to   space 8512K,   0% used [0x00000000c4290000, 0x00000000c4290000, 0x00000000c4ae0000)
 concurrent mark-sweep generation total 963392K, used 44724K [0x00000000c5330000, 0x0000000100000000, 0x0000000100000000)
 Metaspace       used 53270K, capacity 60299K, committed 60580K, reserved 1099776K
  class space    used 8980K, capacity 10854K, committed 10916K, reserved 1048576K
Event: 198.795 GC heap after
Heap after GC invocations=16 (full 2):
 par new generation   total 76672K, used 8512K [0x00000000c0000000, 0x00000000c5330000, 0x00000000c5330000)
  eden space 68160K,   0% used [0x00000000c0000000, 0x00000000c0000000, 0x00000000c4290000)
  from space 8512K, 100% used [0x00000000c4290000, 0x00000000c4ae0000, 0x00000000c4ae0000)
  to   space 8512K,   0% used [0x00000000c4ae0000, 0x00000000c4ae0000, 0x00000000c5330000)
 concurrent mark-sweep generation total 963392K, used 53981K [0x00000000c5330000, 0x0000000100000000, 0x0000000100000000)
 Metaspace       used 53270K, capacity 60299K, committed 60580K, reserved 1099776K
  class space    used 8980K, capacity 10854K, committed 10916K, reserved 1048576K
}
Event: 232.041 GC heap before
{Heap before GC invocations=16 (full 2):
 par new generation   total 76672K, used 76672K [0x00000000c0000000, 0x00000000c5330000, 0x00000000c5330000)
  eden space 68160K, 100% used [0x00000000c0000000, 0x00000000c4290000, 0x00000000c4290000)
  from space 8512K, 100% used [0x00000000c4290000, 0x00000000c4ae0000, 0x00000000c4ae0000)
  to   space 8512K,   0% used [0x00000000c4ae0000, 0x00000000c4ae0000, 0x00000000c5330000)
 concurrent mark-sweep generation total 963392K, used 53981K [0x00000000c5330000, 0x0000000100000000, 0x0000000100000000)
 Metaspace       used 54767K, capacity 61791K, committed 62116K, reserved 1099776K
  class space    used 9194K, capacity 11052K, committed 11172K, reserved 1048576K
Event: 250.443 GC heap after
Heap after GC invocations=17 (full 2):
 par new generation   total 76672K, used 6967K [0x00000000c0000000, 0x00000000c5330000, 0x00000000c5330000)
  eden space 68160K,   0% used [0x00000000c0000000, 0x00000000c0000000, 0x00000000c4290000)
  from space 8512K,  81% used [0x00000000c4ae0000, 0x00000000c51adca0, 0x00000000c5330000)
  to   space 8512K,   0% used [0x00000000c4290000, 0x00000000c4290000, 0x00000000c4ae0000)
 concurrent mark-sweep generation total 963392K, used 59508K [0x00000000c5330000, 0x0000000100000000, 0x0000000100000000)
 Metaspace       used 54767K, capacity 61791K, committed 62116K, reserved 1099776K
  class space    used 9194K, capacity 11052K, committed 11172K, reserved 1048576K
}
Event: 274.343 GC heap before
{Heap before GC invocations=17 (full 2):
 par new generation   total 76672K, used 75127K [0x00000000c0000000, 0x00000000c5330000, 0x00000000c5330000)
  eden space 68160K, 100% used [0x00000000c0000000, 0x00000000c4290000, 0x00000000c4290000)
  from space 8512K,  81% used [0x00000000c4ae0000, 0x00000000c51adca0, 0x00000000c5330000)
  to   space 8512K,   0% used [0x00000000c4290000, 0x00000000c4290000, 0x00000000c4ae0000)
 concurrent mark-sweep generation total 963392K, used 59508K [0x00000000c5330000, 0x0000000100000000, 0x0000000100000000)
 Metaspace       used 54779K, capacity 61919K, committed 62116K, reserved 1099776K
  class space    used 9194K, capacity 11052K, committed 11172K, reserved 1048576K
Event: 279.104 GC heap after
Heap after GC invocations=18 (full 2):
 par new generation   total 76672K, used 5199K [0x00000000c0000000, 0x00000000c5330000, 0x00000000c5330000)
  eden space 68160K,   0% used [0x00000000c0000000, 0x00000000c0000000, 0x00000000c4290000)
  from space 8512K,  61% used [0x00000000c4290000, 0x00000000c47a3fb0, 0x00000000c4ae0000)
  to   space 8512K,   0% used [0x00000000c4ae0000, 0x00000000c4ae0000, 0x00000000c5330000)
 concurrent mark-sweep generation total 963392K, used 59508K [0x00000000c5330000, 0x0000000100000000, 0x0000000100000000)
 Metaspace       used 54779K, capacity 61919K, committed 62116K, reserved 1099776K
  class space    used 9194K, capacity 11052K, committed 11172K, reserved 1048576K
}
Event: 315.849 GC heap before
{Heap before GC invocations=18 (full 2):
 par new generation   total 76672K, used 73359K [0x00000000c0000000, 0x00000000c5330000, 0x00000000c5330000)
  eden space 68160K, 100% used [0x00000000c0000000, 0x00000000c4290000, 0x00000000c4290000)
  from space 8512K,  61% used [0x00000000c4290000, 0x00000000c47a3fb0, 0x00000000c4ae0000)
  to   space 8512K,   0% used [0x00000000c4ae0000, 0x00000000c4ae0000, 0x00000000c5330000)
 concurrent mark-sweep generation total 963392K, used 59508K [0x00000000c5330000, 0x0000000100000000, 0x0000000100000000)
 Metaspace       used 55582K, capacity 62849K, committed 63140K, reserved 1101824K
  class space    used 9378K, capacity 11286K, committed 11428K, reserved 1048576K
Event: 326.788 GC heap after
Heap after GC invocations=19 (full 2):
 par new generation   total 76672K, used 8512K [0x00000000c0000000, 0x00000000c5330000, 0x00000000c5330000)
  eden space 68160K,   0% used [0x00000000c0000000, 0x00000000c0000000, 0x00000000c4290000)
  from space 8512K, 100% used [0x00000000c4ae0000, 0x00000000c5330000, 0x00000000c5330000)
  to   space 8512K,   0% used [0x00000000c4290000, 0x00000000c4290000, 0x00000000c4ae0000)
 concurrent mark-sweep generation total 963392K, used 60026K [0x00000000c5330000, 0x0000000100000000, 0x0000000100000000)
 Metaspace       used 55582K, capacity 62849K, committed 63140K, reserved 1101824K
  class space    used 9378K, capacity 11286K, committed 11428K, reserved 1048576K
}
Event: 407.043 GC heap before
{Heap before GC invocations=19 (full 2):
 par new generation   total 76672K, used 76672K [0x00000000c0000000, 0x00000000c5330000, 0x00000000c5330000)
  eden space 68160K, 100% used [0x00000000c0000000, 0x00000000c4290000, 0x00000000c4290000)
  from space 8512K, 100% used [0x00000000c4ae0000, 0x00000000c5330000, 0x00000000c5330000)
  to   space 8512K,   0% used [0x00000000c4290000, 0x00000000c4290000, 0x00000000c4ae0000)
 concurrent mark-sweep generation total 963392K, used 60026K [0x00000000c5330000, 0x0000000100000000, 0x0000000100000000)
 Metaspace       used 56636K, capacity 64025K, committed 64292K, reserved 1101824K
  class space    used 9564K, capacity 11515K, committed 11556K, reserved 1048576K
Event: 423.496 GC heap after
Heap after GC invocations=20 (full 2):
 par new generation   total 76672K, used 8512K [0x00000000c0000000, 0x00000000c5330000, 0x00000000c5330000)
  eden space 68160K,   0% used [0x00000000c0000000, 0x00000000c0000000, 0x00000000c4290000)
  from space 8512K, 100% used [0x00000000c4290000, 0x00000000c4ae0000, 0x00000000c4ae0000)
  to   space 8512K,   0% used [0x00000000c4ae0000, 0x00000000c4ae0000, 0x00000000c5330000)
 concurrent mark-sweep generation total 963392K, used 65918K [0x00000000c5330000, 0x0000000100000000, 0x0000000100000000)
 Metaspace       used 56636K, capacity 64025K, committed 64292K, reserved 1101824K
  class space    used 9564K, capacity 11515K, committed 11556K, reserved 1048576K
}

